# JRE version: OpenJDK Runtime Environment (8.0_152-b06) (build 1.8.0_152-release-1136-b06)
# Java VM: OpenJDK 64-Bit Server VM (25.152-b06 mixed mode windows-amd64 compressed oops)
Heap:
 PSYoungGen      total 49664K, used 36181K [0x00000000e0000000, 0x00000000e4900000, 0x0000000100000000)
  eden space 36352K, 69% used [0x00000000e0000000,0x00000000e1885908,0x00000000e2380000)
  from space 13312K, 83% used [0x00000000e2380000,0x00000000e2e4fd28,0x00000000e3080000)
  to   space 14336K, 0% used [0x00000000e3b00000,0x00000000e3b00000,0x00000000e4900000)
 ParOldGen       total 66560K, used 20855K [0x00000000a0000000, 0x00000000a4100000, 0x00000000e0000000)
  object space 66560K, 31% used [0x00000000a0000000,0x00000000a145dcf0,0x00000000a4100000)
 Metaspace       used 42281K, capacity 42916K, committed 43264K, reserved 1087488K
  class space    used 5215K, capacity 5371K, committed 5376K, reserved 1048576K
GC Heap History (10 events):
Event: 5.255 GC heap before
{Heap before GC invocations=8 (full 2):
 PSYoungGen      total 38400K, used 38378K [0x00000000e0000000, 0x00000000e3580000, 0x0000000100000000)
  eden space 33280K, 100% used [0x00000000e0000000,0x00000000e2080000,0x00000000e2080000)
  from space 5120K, 99% used [0x00000000e2080000,0x00000000e257abf0,0x00000000e2580000)
  to   space 5120K, 0% used [0x00000000e3080000,0x00000000e3080000,0x00000000e3580000)
 ParOldGen       total 66560K, used 10725K [0x00000000a0000000, 0x00000000a4100000, 0x00000000e0000000)
  object space 66560K, 16% used [0x00000000a0000000,0x00000000a0a79770,0x00000000a4100000)
 Metaspace       used 30817K, capacity 31328K, committed 31744K, reserved 1077248K
  class space    used 3865K, capacity 4022K, committed 4096K, reserved 1048576K
Event: 5.266 GC heap after
Heap after GC invocations=8 (full 2):
 PSYoungGen      total 42496K, used 5106K [0x00000000e0000000, 0x00000000e4300000, 0x0000000100000000)
  eden space 37376K, 0% used [0x00000000e0000000,0x00000000e0000000,0x00000000e2480000)
  from space 5120K, 99% used [0x00000000e3080000,0x00000000e357cb28,0x00000000e3580000)
  to   space 12288K, 0% used [0x00000000e2480000,0x00000000e2480000,0x00000000e3080000)
 ParOldGen       total 66560K, used 17847K [0x00000000a0000000, 0x00000000a4100000, 0x00000000e0000000)
  object space 66560K, 26% used [0x00000000a0000000,0x00000000a116ddf8,0x00000000a4100000)
 Metaspace       used 30817K, capacity 31328K, committed 31744K, reserved 1077248K
  class space    used 3865K, capacity 4022K, committed 4096K, reserved 1048576K
}
Event: 5.830 GC heap before
{Heap before GC invocations=9 (full 2):
 PSYoungGen      total 42496K, used 32354K [0x00000000e0000000, 0x00000000e4300000, 0x0000000100000000)
  eden space 37376K, 72% used [0x00000000e0000000,0x00000000e1a9bce0,0x00000000e2480000)
  from space 5120K, 99% used [0x00000000e3080000,0x00000000e357cb28,0x00000000e3580000)
  to   space 12288K, 0% used [0x00000000e2480000,0x00000000e2480000,0x00000000e3080000)
 ParOldGen       total 66560K, used 17847K [0x00000000a0000000, 0x00000000a4100000, 0x00000000e0000000)
  object space 66560K, 26% used [0x00000000a0000000,0x00000000a116ddf8,0x00000000a4100000)
 Metaspace       used 35420K, capacity 35956K, committed 36268K, reserved 1081344K
  class space    used 4455K, capacity 4588K, committed 4608K, reserved 1048576K
Event: 5.844 GC heap after
Heap after GC invocations=9 (full 2):
 PSYoungGen      total 49664K, used 11826K [0x00000000e0000000, 0x00000000e4300000, 0x0000000100000000)
  eden space 37376K, 0% used [0x00000000e0000000,0x00000000e0000000,0x00000000e2480000)
  from space 12288K, 96% used [0x00000000e2480000,0x00000000e300cb90,0x00000000e3080000)
  to   space 5120K, 0% used [0x00000000e3080000,0x00000000e3080000,0x00000000e3580000)
 ParOldGen       total 66560K, used 17867K [0x00000000a0000000, 0x00000000a4100000, 0x00000000e0000000)
  object space 66560K, 26% used [0x00000000a0000000,0x00000000a1172d98,0x00000000a4100000)
 Metaspace       used 35420K, capacity 35956K, committed 36268K, reserved 1081344K
  class space    used 4455K, capacity 4588K, committed 4608K, reserved 1048576K
}
Event: 5.844 GC heap before
{Heap before GC invocations=10 (full 3):
 PSYoungGen      total 49664K, used 11826K [0x00000000e0000000, 0x00000000e4300000, 0x0000000100000000)
  eden space 37376K, 0% used [0x00000000e0000000,0x00000000e0000000,0x00000000e2480000)
  from space 12288K, 96% used [0x00000000e2480000,0x00000000e300cb90,0x00000000e3080000)
  to   space 5120K, 0% used [0x00000000e3080000,0x00000000e3080000,0x00000000e3580000)
 ParOldGen       total 66560K, used 17867K [0x00000000a0000000, 0x00000000a4100000, 0x00000000e0000000)
  object space 66560K, 26% used [0x00000000a0000000,0x00000000a1172d98,0x00000000a4100000)
 Metaspace       used 35420K, capacity 35956K, committed 36268K, reserved 1081344K
  class space    used 4455K, capacity 4588K, committed 4608K, reserved 1048576K
Event: 5.961 GC heap after
Heap after GC invocations=10 (full 3):
 PSYoungGen      total 49664K, used 0K [0x00000000e0000000, 0x00000000e4300000, 0x0000000100000000)
  eden space 37376K, 0% used [0x00000000e0000000,0x00000000e0000000,0x00000000e2480000)
  from space 12288K, 0% used [0x00000000e2480000,0x00000000e2480000,0x00000000e3080000)
  to   space 5120K, 0% used [0x00000000e3080000,0x00000000e3080000,0x00000000e3580000)
 ParOldGen       total 66560K, used 18912K [0x00000000a0000000, 0x00000000a4100000, 0x00000000e0000000)
  object space 66560K, 28% used [0x00000000a0000000,0x00000000a1278108,0x00000000a4100000)
 Metaspace       used 35420K, capacity 35956K, committed 36268K, reserved 1081344K
  class space    used 4455K, capacity 4588K, committed 4608K, reserved 1048576K
}
Event: 6.572 GC heap before
{Heap before GC invocations=11 (full 3):
 PSYoungGen      total 49664K, used 37376K [0x00000000e0000000, 0x00000000e4300000, 0x0000000100000000)
  eden space 37376K, 100% used [0x00000000e0000000,0x00000000e2480000,0x00000000e2480000)
  from space 12288K, 0% used [0x00000000e2480000,0x00000000e2480000,0x00000000e3080000)
  to   space 5120K, 0% used [0x00000000e3080000,0x00000000e3080000,0x00000000e3580000)
 ParOldGen       total 66560K, used 18912K [0x00000000a0000000, 0x00000000a4100000, 0x00000000e0000000)
  object space 66560K, 28% used [0x00000000a0000000,0x00000000a1278108,0x00000000a4100000)
 Metaspace       used 37753K, capacity 38311K, committed 38784K, reserved 1083392K
  class space    used 4729K, capacity 4880K, committed 4992K, reserved 1048576K
Event: 6.578 GC heap after
Heap after GC invocations=11 (full 3):
 PSYoungGen      total 41472K, used 5103K [0x00000000e0000000, 0x00000000e4980000, 0x0000000100000000)
  eden space 36352K, 0% used [0x00000000e0000000,0x00000000e0000000,0x00000000e2380000)
  from space 5120K, 99% used [0x00000000e3080000,0x00000000e357bef0,0x00000000e3580000)
  to   space 13312K, 0% used [0x00000000e2380000,0x00000000e2380000,0x00000000e3080000)
 ParOldGen       total 66560K, used 20847K [0x00000000a0000000, 0x00000000a4100000, 0x00000000e0000000)
  object space 66560K, 31% used [0x00000000a0000000,0x00000000a145bcf0,0x00000000a4100000)
 Metaspace       used 37753K, capacity 38311K, committed 38784K, reserved 1083392K
  class space    used 4729K, capacity 4880K, committed 4992K, reserved 1048576K
}
Event: 7.461 GC heap before
{Heap before GC invocations=12 (full 3):
 PSYoungGen      total 41472K, used 41455K [0x00000000e0000000, 0x00000000e4980000, 0x0000000100000000)
  eden space 36352K, 100% used [0x00000000e0000000,0x00000000e2380000,0x00000000e2380000)
  from space 5120K, 99% used [0x00000000e3080000,0x00000000e357bef0,0x00000000e3580000)
  to   space 13312K, 0% used [0x00000000e2380000,0x00000000e2380000,0x00000000e3080000)
 ParOldGen       total 66560K, used 20847K [0x00000000a0000000, 0x00000000a4100000, 0x00000000e0000000)
  object space 66560K, 31% used [0x00000000a0000000,0x00000000a145bcf0,0x00000000a4100000)
 Metaspace       used 40353K, capacity 40995K, committed 41600K, reserved 1085440K
  class space    used 4967K, capacity 5130K, committed 5248K, reserved 1048576K
Event: 7.470 GC heap after
Heap after GC invocations=12 (full 3):
 PSYoungGen      total 49664K, used 11071K [0x00000000e0000000, 0x00000000e4900000, 0x0000000100000000)
  eden space 36352K, 0% used [0x00000000e0000000,0x00000000e0000000,0x00000000e2380000)
  from space 13312K, 83% used [0x00000000e2380000,0x00000000e2e4fd28,0x00000000e3080000)
  to   space 14336K, 0% used [0x00000000e3b00000,0x00000000e3b00000,0x00000000e4900000)
 ParOldGen       total 66560K, used 20855K [0x00000000a0000000, 0x00000000a4100000, 0x00000000e0000000)
  object space 66560K, 31% used [0x00000000a0000000,0x00000000a145dcf0,0x00000000a4100000)
 Metaspace       used 40353K, capacity 40995K, committed 41600K, reserved 1085440K
  class space    used 4967K, capacity 5130K, committed 5248K, reserved 1048576K
}

