# JRE version: OpenJDK Runtime Environment (8.0_152-b06) (build 1.8.0_152-release-1136-b06)
# Java VM: OpenJDK 64-Bit Server VM (25.152-b06 mixed mode windows-amd64 compressed oops)
Heap:
 PSYoungGen      total 477184K, used 226082K [0x00000000e0000000, 0x00000000fff00000, 0x0000000100000000)
  eden space 432128K, 50% used [0x00000000e0000000,0x00000000ed5deea0,0x00000000fa600000)
  from space 45056K, 15% used [0x00000000fd200000,0x00000000fd8e9c68,0x00000000ffe00000)
  to   space 45056K, 0% used [0x00000000fa600000,0x00000000fa600000,0x00000000fd200000)
 ParOldGen       total 192000K, used 68695K [0x00000000a0000000, 0x00000000abb80000, 0x00000000e0000000)
  object space 192000K, 35% used [0x00000000a0000000,0x00000000a4315e88,0x00000000abb80000)
 Metaspace       used 143023K, capacity 150776K, committed 151808K, reserved 1181696K
  class space    used 17570K, capacity 19046K, committed 19200K, reserved 1048576K
GC Heap History (10 events):
Event: 5940.977 GC heap before
{Heap before GC invocations=59 (full 5):
 PSYoungGen      total 462848K, used 462526K [0x00000000e0000000, 0x0000000100000000, 0x0000000100000000)
  eden space 430592K, 100% used [0x00000000e0000000,0x00000000fa480000,0x00000000fa480000)
  from space 32256K, 99% used [0x00000000fa480000,0x00000000fc3af970,0x00000000fc400000)
  to   space 48640K, 0% used [0x00000000fd080000,0x00000000fd080000,0x0000000100000000)
 ParOldGen       total 192000K, used 49039K [0x00000000a0000000, 0x00000000abb80000, 0x00000000e0000000)
  object space 192000K, 25% used [0x00000000a0000000,0x00000000a2fe3cd8,0x00000000abb80000)
 Metaspace       used 140646K, capacity 147742K, committed 149888K, reserved 1179648K
  class space    used 17284K, capacity 18665K, committed 19072K, reserved 1048576K
Event: 5941.015 GC heap after
Heap after GC invocations=59 (full 5):
 PSYoungGen      total 476672K, used 26342K [0x00000000e0000000, 0x0000000100000000, 0x0000000100000000)
  eden space 428032K, 0% used [0x00000000e0000000,0x00000000e0000000,0x00000000fa200000)
  from space 48640K, 54% used [0x00000000fd080000,0x00000000fea39b28,0x0000000100000000)
  to   space 47616K, 0% used [0x00000000fa200000,0x00000000fa200000,0x00000000fd080000)
 ParOldGen       total 192000K, used 49047K [0x00000000a0000000, 0x00000000abb80000, 0x00000000e0000000)
  object space 192000K, 25% used [0x00000000a0000000,0x00000000a2fe5cd8,0x00000000abb80000)
 Metaspace       used 140646K, capacity 147742K, committed 149888K, reserved 1179648K
  class space    used 17284K, capacity 18665K, committed 19072K, reserved 1048576K
}
Event: 5942.973 GC heap before
{Heap before GC invocations=60 (full 5):
 PSYoungGen      total 476672K, used 454374K [0x00000000e0000000, 0x0000000100000000, 0x0000000100000000)
  eden space 428032K, 100% used [0x00000000e0000000,0x00000000fa200000,0x00000000fa200000)
  from space 48640K, 54% used [0x00000000fd080000,0x00000000fea39b28,0x0000000100000000)
  to   space 47616K, 0% used [0x00000000fa200000,0x00000000fa200000,0x00000000fd080000)
 ParOldGen       total 192000K, used 49047K [0x00000000a0000000, 0x00000000abb80000, 0x00000000e0000000)
  object space 192000K, 25% used [0x00000000a0000000,0x00000000a2fe5cd8,0x00000000abb80000)
 Metaspace       used 140731K, capacity 147806K, committed 150144K, reserved 1179648K
  class space    used 17285K, capacity 18665K, committed 19072K, reserved 1048576K
Event: 5943.029 GC heap after
Heap after GC invocations=60 (full 5):
 PSYoungGen      total 445952K, used 17704K [0x00000000e0000000, 0x00000000ffc00000, 0x0000000100000000)
  eden space 428032K, 0% used [0x00000000e0000000,0x00000000e0000000,0x00000000fa200000)
  from space 17920K, 98% used [0x00000000fa200000,0x00000000fb34a118,0x00000000fb380000)
  to   space 46080K, 0% used [0x00000000fcf00000,0x00000000fcf00000,0x00000000ffc00000)
 ParOldGen       total 192000K, used 56163K [0x00000000a0000000, 0x00000000abb80000, 0x00000000e0000000)
  object space 192000K, 29% used [0x00000000a0000000,0x00000000a36d8d78,0x00000000abb80000)
 Metaspace       used 140731K, capacity 147806K, committed 150144K, reserved 1179648K
  class space    used 17285K, capacity 18665K, committed 19072K, reserved 1048576K
}
Event: 5945.357 GC heap before
{Heap before GC invocations=61 (full 5):
 PSYoungGen      total 445952K, used 445736K [0x00000000e0000000, 0x00000000ffc00000, 0x0000000100000000)
  eden space 428032K, 100% used [0x00000000e0000000,0x00000000fa200000,0x00000000fa200000)
  from space 17920K, 98% used [0x00000000fa200000,0x00000000fb34a118,0x00000000fb380000)
  to   space 46080K, 0% used [0x00000000fcf00000,0x00000000fcf00000,0x00000000ffc00000)
 ParOldGen       total 192000K, used 56163K [0x00000000a0000000, 0x00000000abb80000, 0x00000000e0000000)
  object space 192000K, 29% used [0x00000000a0000000,0x00000000a36d8d78,0x00000000abb80000)
 Metaspace       used 140869K, capacity 147952K, committed 150144K, reserved 1179648K
  class space    used 17292K, capacity 18668K, committed 19072K, reserved 1048576K
Event: 5945.497 GC heap after
Heap after GC invocations=61 (full 5):
 PSYoungGen      total 474112K, used 6900K [0x00000000e0000000, 0x0000000100000000, 0x0000000100000000)
  eden space 428032K, 0% used [0x00000000e0000000,0x00000000e0000000,0x00000000fa200000)
  from space 46080K, 14% used [0x00000000fcf00000,0x00000000fd5bd2e0,0x00000000ffc00000)
  to   space 46080K, 0% used [0x00000000fa200000,0x00000000fa200000,0x00000000fcf00000)
 ParOldGen       total 192000K, used 67135K [0x00000000a0000000, 0x00000000abb80000, 0x00000000e0000000)
  object space 192000K, 34% used [0x00000000a0000000,0x00000000a418fe48,0x00000000abb80000)
 Metaspace       used 140869K, capacity 147952K, committed 150144K, reserved 1179648K
  class space    used 17292K, capacity 18668K, committed 19072K, reserved 1048576K
}
Event: 5952.189 GC heap before
{Heap before GC invocations=62 (full 5):
 PSYoungGen      total 474112K, used 434805K [0x00000000e0000000, 0x0000000100000000, 0x0000000100000000)
  eden space 428032K, 99% used [0x00000000e0000000,0x00000000fa1e0448,0x00000000fa200000)
  from space 46080K, 14% used [0x00000000fcf00000,0x00000000fd5bd2e0,0x00000000ffc00000)
  to   space 46080K, 0% used [0x00000000fa200000,0x00000000fa200000,0x00000000fcf00000)
 ParOldGen       total 192000K, used 67135K [0x00000000a0000000, 0x00000000abb80000, 0x00000000e0000000)
  object space 192000K, 34% used [0x00000000a0000000,0x00000000a418fe48,0x00000000abb80000)
 Metaspace       used 141546K, capacity 148748K, committed 150784K, reserved 1181696K
  class space    used 17348K, capacity 18762K, committed 19200K, reserved 1048576K
Event: 5952.236 GC heap after
Heap after GC invocations=62 (full 5):
 PSYoungGen      total 474112K, used 24620K [0x00000000e0000000, 0x00000000ffe00000, 0x0000000100000000)
  eden space 428032K, 0% used [0x00000000e0000000,0x00000000e0000000,0x00000000fa200000)
  from space 46080K, 53% used [0x00000000fa200000,0x00000000fba0b340,0x00000000fcf00000)
  to   space 45056K, 0% used [0x00000000fd200000,0x00000000fd200000,0x00000000ffe00000)
 ParOldGen       total 192000K, used 68655K [0x00000000a0000000, 0x00000000abb80000, 0x00000000e0000000)
  object space 192000K, 35% used [0x00000000a0000000,0x00000000a430be88,0x00000000abb80000)
 Metaspace       used 141546K, capacity 148748K, committed 150784K, reserved 1181696K
  class space    used 17348K, capacity 18762K, committed 19200K, reserved 1048576K
}
Event: 5955.295 GC heap before
{Heap before GC invocations=63 (full 5):
 PSYoungGen      total 474112K, used 451765K [0x00000000e0000000, 0x00000000ffe00000, 0x0000000100000000)
  eden space 428032K, 99% used [0x00000000e0000000,0x00000000fa122390,0x00000000fa200000)
  from space 46080K, 53% used [0x00000000fa200000,0x00000000fba0b340,0x00000000fcf00000)
  to   space 45056K, 0% used [0x00000000fd200000,0x00000000fd200000,0x00000000ffe00000)
 ParOldGen       total 192000K, used 68655K [0x00000000a0000000, 0x00000000abb80000, 0x00000000e0000000)
  object space 192000K, 35% used [0x00000000a0000000,0x00000000a430be88,0x00000000abb80000)
 Metaspace       used 141767K, capacity 149060K, committed 151040K, reserved 1181696K
  class space    used 17381K, capacity 18790K, committed 19200K, reserved 1048576K
Event: 5955.302 GC heap after
Heap after GC invocations=63 (full 5):
 PSYoungGen      total 477184K, used 7079K [0x00000000e0000000, 0x00000000fff00000, 0x0000000100000000)
  eden space 432128K, 0% used [0x00000000e0000000,0x00000000e0000000,0x00000000fa600000)
  from space 45056K, 15% used [0x00000000fd200000,0x00000000fd8e9c68,0x00000000ffe00000)
  to   space 45056K, 0% used [0x00000000fa600000,0x00000000fa600000,0x00000000fd200000)
 ParOldGen       total 192000K, used 68695K [0x00000000a0000000, 0x00000000abb80000, 0x00000000e0000000)
  object space 192000K, 35% used [0x00000000a0000000,0x00000000a4315e88,0x00000000abb80000)
 Metaspace       used 141767K, capacity 149060K, committed 151040K, reserved 1181696K
  class space    used 17381K, capacity 18790K, committed 19200K, reserved 1048576K
}

